*** Starting uWSGI 2.0.17.1 (64bit) on [Tue Dec 18 10:40:39 2018] ***
compiled with version: 5.4.0 20160609 on 13 December 2018 07:23:03
os: Linux-4.4.0-117-generic #141-Ubuntu SMP Tue Mar 13 11:58:07 UTC 2018
nodename: iZwz92zhcmd960zrvfjokgZ
machine: x86_64
clock source: unix
detected number of CPU cores: 1
current working directory: /root
detected binary path: /home/envs/st3/bin/uwsgi
!!! no internal routing support, rebuild with pcre support !!!
uWSGI running as root, you can use --uid/--gid/--chroot options
*** WARNING: you are running uWSGI as root !!! (use the --uid flag) *** 
chdir() to /var/www/sdtione
*** WARNING: you are running uWSGI without its master process manager ***
your processes number limit is 7856
your memory page size is 4096 bytes
detected max file descriptor number: 65535
lock engine: pthread robust mutexes
thunder lock: disabled (you can enable it with --thunder-lock)
uwsgi socket 0 bound to TCP address :8001 fd 3
uWSGI running as root, you can use --uid/--gid/--chroot options
*** WARNING: you are running uWSGI as root !!! (use the --uid flag) *** 
*** Starting uWSGI 2.0.17.1 (64bit) on [Tue Dec 18 10:40:39 2018] ***
compiled with version: 5.4.0 20160609 on 13 December 2018 07:23:03
os: Linux-4.4.0-117-generic #141-Ubuntu SMP Tue Mar 13 11:58:07 UTC 2018
nodename: iZwz92zhcmd960zrvfjokgZ
machine: x86_64
clock source: unix
detected number of CPU cores: 1
current working directory: /root
detected binary path: /home/envs/st3/bin/uwsgi
!!! no internal routing support, rebuild with pcre support !!!
uWSGI running as root, you can use --uid/--gid/--chroot options
*** WARNING: you are running uWSGI as root !!! (use the --uid flag) *** 
chdir() to /var/www/wxprj
*** WARNING: you are running uWSGI without its master process manager ***
your processes number limit is 7856
your memory page size is 4096 bytes
detected max file descriptor number: 65535
lock engine: pthread robust mutexes
thunder lock: disabled (you can enable it with --thunder-lock)
uwsgi socket 0 bound to TCP address :8010 fd 3
uWSGI running as root, you can use --uid/--gid/--chroot options
*** WARNING: you are running uWSGI as root !!! (use the --uid flag) *** 
Python version: 3.5.2 (default, Nov 12 2018, 13:43:14)  [GCC 5.4.0 20160609]
Python version: 3.5.2 (default, Nov 12 2018, 13:43:14)  [GCC 5.4.0 20160609]
*** Python threads support is disabled. You can enable it with --enable-threads ***
Python main interpreter initialized at 0x261e650
uWSGI running as root, you can use --uid/--gid/--chroot options
*** WARNING: you are running uWSGI as root !!! (use the --uid flag) *** 
your server socket listen backlog is limited to 100 connections
your mercy for graceful operations on workers is 60 seconds
mapped 291616 bytes (284 KB) for 4 cores
*** Operational MODE: preforking ***
*** Python threads support is disabled. You can enable it with --enable-threads ***
Python main interpreter initialized at 0x2693650
uWSGI running as root, you can use --uid/--gid/--chroot options
*** WARNING: you are running uWSGI as root !!! (use the --uid flag) *** 
your server socket listen backlog is limited to 100 connections
your mercy for graceful operations on workers is 60 seconds
mapped 291616 bytes (284 KB) for 4 cores
*** Operational MODE: preforking ***
Traceback (most recent call last):
  File "./wxprj/wsgi.py", line 16, in <module>
    application = get_wsgi_application()
  File "/home/envs/st3/lib/python3.5/site-packages/django/core/wsgi.py", line 12, in get_wsgi_application
    django.setup(set_prefix=False)
  File "/home/envs/st3/lib/python3.5/site-packages/django/__init__.py", line 24, in setup
    apps.populate(settings.INSTALLED_APPS)
  File "/home/envs/st3/lib/python3.5/site-packages/django/apps/registry.py", line 89, in populate
    app_config = AppConfig.create(entry)
  File "/home/envs/st3/lib/python3.5/site-packages/django/apps/config.py", line 90, in create
    module = import_module(entry)
  File "/home/envs/st3/lib/python3.5/importlib/__init__.py", line 126, in import_module
    return _bootstrap._gcd_import(name[level:], package, level)
ImportError: No module named 'sdti'
unable to load app 0 (mountpoint='') (callable not found or import error)
*** no app loaded. going in full dynamic mode ***
uWSGI running as root, you can use --uid/--gid/--chroot options
*** WARNING: you are running uWSGI as root !!! (use the --uid flag) *** 
*** uWSGI is running in multiple interpreter mode ***
spawned uWSGI worker 1 (pid: 968, cores: 1)
spawned uWSGI worker 2 (pid: 972, cores: 1)
spawned uWSGI worker 3 (pid: 973, cores: 1)
spawned uWSGI worker 4 (pid: 974, cores: 1)
WSGI app 0 (mountpoint='') ready in 2 seconds on interpreter 0x261e650 pid: 965 (default app)
uWSGI running as root, you can use --uid/--gid/--chroot options
*** WARNING: you are running uWSGI as root !!! (use the --uid flag) *** 
*** uWSGI is running in multiple interpreter mode ***
spawned uWSGI worker 1 (pid: 965, cores: 1)
spawned uWSGI worker 2 (pid: 975, cores: 1)
spawned uWSGI worker 3 (pid: 976, cores: 1)
spawned uWSGI worker 4 (pid: 977, cores: 1)
--- no python application found, check your startup logs for errors ---
[pid: 972|app: -1|req: -1/1] 125.69.47.96 () {42 vars in 1018 bytes} [Tue Dec 18 10:40:48 2018] GET /admin/login/?next=/admin/ => generated 21 bytes in 0 msecs (HTTP/1.1 500) 2 headers in 83 bytes (0 switches on core 0)
--- no python application found, check your startup logs for errors ---
[pid: 972|app: -1|req: -1/2] 60.191.38.77 () {34 vars in 454 bytes} [Tue Dec 18 10:56:02 2018] GET / => generated 21 bytes in 0 msecs (HTTP/1.1 500) 2 headers in 83 bytes (0 switches on core 0)
--- no python application found, check your startup logs for errors ---
[pid: 972|app: -1|req: -1/3] 197.251.143.224 () {26 vars in 279 bytes} [Tue Dec 18 11:44:39 2018] GET / => generated 21 bytes in 0 msecs (HTTP/1.0 500) 2 headers in 83 bytes (0 switches on core 0)
--- no python application found, check your startup logs for errors ---
[pid: 968|app: -1|req: -1/4] 197.251.143.224 () {26 vars in 279 bytes} [Tue Dec 18 11:44:39 2018] GET / => generated 21 bytes in 0 msecs (HTTP/1.0 500) 2 headers in 83 bytes (0 switches on core 0)
--- no python application found, check your startup logs for errors ---
[pid: 974|app: -1|req: -1/5] 197.251.143.224 () {26 vars in 279 bytes} [Tue Dec 18 11:44:40 2018] GET / => generated 21 bytes in 0 msecs (HTTP/1.0 500) 2 headers in 83 bytes (0 switches on core 0)
--- no python application found, check your startup logs for errors ---
[pid: 973|app: -1|req: -1/6] 87.107.77.101 () {32 vars in 461 bytes} [Tue Dec 18 12:04:07 2018] GET / => generated 21 bytes in 0 msecs (HTTP/1.1 500) 2 headers in 83 bytes (0 switches on core 0)
invalid request block size: 21573 (max 4096)...skip
invalid request block size: 21573 (max 4096)...skip
--- no python application found, check your startup logs for errors ---
[pid: 972|app: -1|req: -1/7] 140.207.54.79 () {36 vars in 639 bytes} [Tue Dec 18 12:26:05 2018] GET /wx?signature=1f36ac8c6187a4c3ac7793789ad0f3ff72809192&echostr=2208273315835477757&timestamp=1545107165&nonce=206174038 => generated 21 bytes in 0 msecs (HTTP/1.0 500) 2 headers in 83 bytes (0 switches on core 0)
*** Starting uWSGI 2.0.17.1 (64bit) on [Tue Dec 18 12:26:16 2018] ***
compiled with version: 5.4.0 20160609 on 13 December 2018 07:23:03
os: Linux-4.4.0-117-generic #141-Ubuntu SMP Tue Mar 13 11:58:07 UTC 2018
nodename: iZwz92zhcmd960zrvfjokgZ
machine: x86_64
clock source: unix
detected number of CPU cores: 1
current working directory: /root
detected binary path: /home/envs/st3/bin/uwsgi
!!! no internal routing support, rebuild with pcre support !!!
uWSGI running as root, you can use --uid/--gid/--chroot options
*** WARNING: you are running uWSGI as root !!! (use the --uid flag) *** 
chdir() to /var/www/sdtione
*** WARNING: you are running uWSGI without its master process manager ***
your processes number limit is 7856
your memory page size is 4096 bytes
detected max file descriptor number: 65535
lock engine: pthread robust mutexes
thunder lock: disabled (you can enable it with --thunder-lock)
probably another instance of uWSGI is running on the same address (:8001).
bind(): Address already in use [core/socket.c line 769]
*** Starting uWSGI 2.0.17.1 (64bit) on [Tue Dec 18 12:26:16 2018] ***
compiled with version: 5.4.0 20160609 on 13 December 2018 07:23:03
os: Linux-4.4.0-117-generic #141-Ubuntu SMP Tue Mar 13 11:58:07 UTC 2018
nodename: iZwz92zhcmd960zrvfjokgZ
machine: x86_64
clock source: unix
detected number of CPU cores: 1
current working directory: /root
detected binary path: /home/envs/st3/bin/uwsgi
!!! no internal routing support, rebuild with pcre support !!!
uWSGI running as root, you can use --uid/--gid/--chroot options
*** WARNING: you are running uWSGI as root !!! (use the --uid flag) *** 
chdir() to /var/www/wxprj
*** WARNING: you are running uWSGI without its master process manager ***
your processes number limit is 7856
your memory page size is 4096 bytes
detected max file descriptor number: 65535
lock engine: pthread robust mutexes
thunder lock: disabled (you can enable it with --thunder-lock)
probably another instance of uWSGI is running on the same address (:8010).
bind(): Address already in use [core/socket.c line 769]
invalid request block size: 7937 (max 4096)...skip
--- no python application found, check your startup logs for errors ---
[pid: 968|app: -1|req: -1/8] 140.207.54.79 () {36 vars in 638 bytes} [Tue Dec 18 12:34:21 2018] GET /wx?signature=f5605ebb20a8ab209cc0af70dd15038235683113&echostr=9190446978613934319&timestamp=1545107661&nonce=353695110 => generated 21 bytes in 0 msecs (HTTP/1.0 500) 2 headers in 83 bytes (0 switches on core 0)
--- no python application found, check your startup logs for errors ---
[pid: 973|app: -1|req: -1/9] 140.207.54.80 () {36 vars in 641 bytes} [Tue Dec 18 12:34:53 2018] GET /wx?signature=6ccdf9aff5bda017885cc8e6666dbc244242610d&echostr=2806311497993223164&timestamp=1545107692&nonce=1607404272 => generated 21 bytes in 0 msecs (HTTP/1.0 500) 2 headers in 83 bytes (0 switches on core 0)
invalid request block size: 21573 (max 4096)...skip
--- no python application found, check your startup logs for errors ---
[pid: 974|app: -1|req: -1/10] 125.69.47.96 () {42 vars in 969 bytes} [Tue Dec 18 12:35:49 2018] GET / => generated 21 bytes in 0 msecs (HTTP/1.1 500) 2 headers in 83 bytes (0 switches on core 0)
Invalid HTTP_HOST header: '112.124.42.80:63435'. You may need to add '112.124.42.80' to ALLOWED_HOSTS.
Bad Request: /
[pid: 976|app: 0|req: 1/1] 60.191.52.254 () {36 vars in 582 bytes} [Tue Dec 18 12:36:08 2018] HEAD / => generated 56132 bytes in 83 msecs (HTTP/1.1 400) 1 headers in 53 bytes (1 switches on core 0)
--- no python application found, check your startup logs for errors ---
[pid: 972|app: -1|req: -1/11] 140.207.54.79 () {36 vars in 639 bytes} [Tue Dec 18 12:48:21 2018] GET /wx?signature=dd954f5a346ff35af7bc11f091e7e1c50ab1b699&echostr=7805470882054045557&timestamp=1545108501&nonce=100410400 => generated 21 bytes in 0 msecs (HTTP/1.0 500) 2 headers in 83 bytes (0 switches on core 0)
--- no python application found, check your startup logs for errors ---
[pid: 968|app: -1|req: -1/12] 125.69.47.96 () {42 vars in 1018 bytes} [Tue Dec 18 12:54:49 2018] GET /admin/login/?next=/admin/ => generated 21 bytes in 0 msecs (HTTP/1.1 500) 2 headers in 83 bytes (0 switches on core 0)
--- no python application found, check your startup logs for errors ---
[pid: 973|app: -1|req: -1/13] 140.207.54.79 () {36 vars in 639 bytes} [Tue Dec 18 12:59:42 2018] GET /wx?signature=ca579306d00361f5f5c01e905e980d5d48fb84f4&echostr=6553149471299927998&timestamp=1545109182&nonce=808025832 => generated 21 bytes in 0 msecs (HTTP/1.0 500) 2 headers in 83 bytes (0 switches on core 0)
--- no python application found, check your startup logs for errors ---
[pid: 974|app: -1|req: -1/14] 125.69.47.96 () {42 vars in 1018 bytes} [Tue Dec 18 13:01:20 2018] GET /admin/login/?next=/admin/ => generated 21 bytes in 0 msecs (HTTP/1.1 500) 2 headers in 83 bytes (0 switches on core 0)
--- no python application found, check your startup logs for errors ---
[pid: 972|app: -1|req: -1/15] 140.207.54.80 () {36 vars in 639 bytes} [Tue Dec 18 13:05:32 2018] GET /wx?signature=6394b7b438efe83dc518a759bfe53863c7085ff8&echostr=4620024381695439647&timestamp=1545109532&nonce=410382942 => generated 21 bytes in 0 msecs (HTTP/1.0 500) 2 headers in 83 bytes (0 switches on core 0)
--- no python application found, check your startup logs for errors ---
[pid: 968|app: -1|req: -1/16] 140.207.54.79 () {36 vars in 639 bytes} [Tue Dec 18 13:08:00 2018] GET /wx?signature=c845f82a771d4137d6fac4fe00354b1c57d5ac3c&echostr=4502765430892046776&timestamp=1545109680&nonce=509110365 => generated 21 bytes in 0 msecs (HTTP/1.0 500) 2 headers in 83 bytes (0 switches on core 0)
--- no python application found, check your startup logs for errors ---
[pid: 973|app: -1|req: -1/17] 80.82.70.187 () {32 vars in 429 bytes} [Tue Dec 18 13:22:57 2018] GET /cache/global/img/gs.gif => generated 21 bytes in 0 msecs (HTTP/1.1 500) 2 headers in 83 bytes (0 switches on core 0)
--- no python application found, check your startup logs for errors ---
[pid: 974|app: -1|req: -1/18] 140.207.54.80 () {36 vars in 640 bytes} [Tue Dec 18 13:28:03 2018] GET /wx?signature=9435358388e1c7d0e502841fa809d465ddbd205d&echostr=4396634370933101927&timestamp=1545110883&nonce=1733220236 => generated 21 bytes in 0 msecs (HTTP/1.0 500) 2 headers in 83 bytes (0 switches on core 0)
--- no python application found, check your startup logs for errors ---
[pid: 968|app: -1|req: -1/19] 140.207.54.79 () {36 vars in 639 bytes} [Tue Dec 18 13:28:06 2018] GET /wx?signature=b92b0983c694f8beb79ae5d3b728b61a4b66e9b0&echostr=8010650205764050295&timestamp=1545110886&nonce=619572687 => generated 21 bytes in 0 msecs (HTTP/1.0 500) 2 headers in 83 bytes (0 switches on core 0)
--- no python application found, check your startup logs for errors ---
[pid: 973|app: -1|req: -1/20] 140.207.54.79 () {36 vars in 641 bytes} [Tue Dec 18 13:28:07 2018] GET /wx?signature=e170fb8f2ddd0ae72855cf80cba7414816ac4948&echostr=6334529979998256999&timestamp=1545110887&nonce=1719454093 => generated 21 bytes in 0 msecs (HTTP/1.0 500) 2 headers in 83 bytes (0 switches on core 0)
--- no python application found, check your startup logs for errors ---
[pid: 972|app: -1|req: -1/21] 140.207.54.79 () {36 vars in 639 bytes} [Tue Dec 18 13:28:07 2018] GET /wx?signature=7b38d844c9d590e4c19f41d5e7d1deca8b6bff07&echostr=1871932785684309871&timestamp=1545110887&nonce=549379081 => generated 21 bytes in 0 msecs (HTTP/1.0 500) 2 headers in 83 bytes (0 switches on core 0)
--- no python application found, check your startup logs for errors ---
[pid: 974|app: -1|req: -1/22] 140.207.54.79 () {36 vars in 641 bytes} [Tue Dec 18 13:28:08 2018] GET /wx?signature=982f22992f1995ffdab27804a63b4655db468f5f&echostr=7786460050613837804&timestamp=1545110888&nonce=2096959236 => generated 21 bytes in 0 msecs (HTTP/1.0 500) 2 headers in 83 bytes (0 switches on core 0)
--- no python application found, check your startup logs for errors ---
[pid: 968|app: -1|req: -1/23] 140.207.54.80 () {36 vars in 641 bytes} [Tue Dec 18 13:28:09 2018] GET /wx?signature=af5c549bee73991e27ea5921be09c689d84b2586&echostr=5346452034637706729&timestamp=1545110889&nonce=1935037649 => generated 21 bytes in 0 msecs (HTTP/1.0 500) 2 headers in 83 bytes (0 switches on core 0)
--- no python application found, check your startup logs for errors ---
[pid: 972|app: -1|req: -1/24] 101.227.139.163 () {40 vars in 476 bytes} [Tue Dec 18 13:33:11 2018] POST /wx => generated 21 bytes in 0 msecs (HTTP/1.1 500) 2 headers in 83 bytes (0 switches on core 0)
--- no python application found, check your startup logs for errors ---
[pid: 973|app: -1|req: -1/25] 101.227.139.163 () {40 vars in 476 bytes} [Tue Dec 18 13:38:34 2018] POST /wx => generated 21 bytes in 0 msecs (HTTP/1.1 500) 2 headers in 83 bytes (0 switches on core 0)
--- no python application found, check your startup logs for errors ---
[pid: 974|app: -1|req: -1/26] 140.207.54.79 () {36 vars in 639 bytes} [Tue Dec 18 14:01:06 2018] GET /wx?signature=293551c9ad960e69aa4b337c663d624f5cee7b2e&echostr=7568181532473089974&timestamp=1545112866&nonce=114800942 => generated 21 bytes in 0 msecs (HTTP/1.0 500) 2 headers in 83 bytes (0 switches on core 0)
--- no python application found, check your startup logs for errors ---
[pid: 968|app: -1|req: -1/27] 113.184.95.22 () {26 vars in 277 bytes} [Tue Dec 18 14:08:55 2018] GET / => generated 21 bytes in 0 msecs (HTTP/1.0 500) 2 headers in 83 bytes (0 switches on core 0)
--- no python application found, check your startup logs for errors ---
[pid: 973|app: -1|req: -1/28] 140.207.54.80 () {36 vars in 638 bytes} [Tue Dec 18 14:11:09 2018] GET /wx?signature=52fcb60b6b4f0b7a74ad0a313f65246b3a77b988&echostr=4922040872221921151&timestamp=1545113469&nonce=913471744 => generated 21 bytes in 0 msecs (HTTP/1.0 500) 2 headers in 83 bytes (0 switches on core 0)
--- no python application found, check your startup logs for errors ---
[pid: 972|app: -1|req: -1/29] 140.207.54.79 () {36 vars in 640 bytes} [Tue Dec 18 14:14:23 2018] GET /wx?signature=f2f8d8d34f780cbffb74a967123d20bff56db28a&echostr=8362756516112887999&timestamp=1545113663&nonce=1822495944 => generated 21 bytes in 0 msecs (HTTP/1.0 500) 2 headers in 83 bytes (0 switches on core 0)
--- no python application found, check your startup logs for errors ---
[pid: 974|app: -1|req: -1/30] 140.207.54.80 () {36 vars in 639 bytes} [Tue Dec 18 14:14:56 2018] GET /wx?signature=cb0c94b942e8507fd975c722d0d1736beb43d04f&echostr=1948046679963791741&timestamp=1545113696&nonce=119264968 => generated 21 bytes in 0 msecs (HTTP/1.0 500) 2 headers in 83 bytes (0 switches on core 0)
*** Starting uWSGI 2.0.17.1 (64bit) on [Tue Dec 18 14:19:52 2018] ***
compiled with version: 5.4.0 20160609 on 13 December 2018 07:23:03
os: Linux-4.4.0-117-generic #141-Ubuntu SMP Tue Mar 13 11:58:07 UTC 2018
nodename: iZwz92zhcmd960zrvfjokgZ
machine: x86_64
clock source: unix
detected number of CPU cores: 1
current working directory: /root
detected binary path: /home/envs/st3/bin/uwsgi
!!! no internal routing support, rebuild with pcre support !!!
uWSGI running as root, you can use --uid/--gid/--chroot options
*** WARNING: you are running uWSGI as root !!! (use the --uid flag) *** 
chdir() to /var/www/sdtione
*** WARNING: you are running uWSGI without its master process manager ***
your processes number limit is 7856
your memory page size is 4096 bytes
detected max file descriptor number: 65535
lock engine: pthread robust mutexes
thunder lock: disabled (you can enable it with --thunder-lock)
uwsgi socket 0 bound to TCP address :8001 fd 3
uWSGI running as root, you can use --uid/--gid/--chroot options
*** WARNING: you are running uWSGI as root !!! (use the --uid flag) *** 
*** Starting uWSGI 2.0.17.1 (64bit) on [Tue Dec 18 14:19:52 2018] ***
compiled with version: 5.4.0 20160609 on 13 December 2018 07:23:03
os: Linux-4.4.0-117-generic #141-Ubuntu SMP Tue Mar 13 11:58:07 UTC 2018
nodename: iZwz92zhcmd960zrvfjokgZ
machine: x86_64
clock source: unix
detected number of CPU cores: 1
current working directory: /root
detected binary path: /home/envs/st3/bin/uwsgi
!!! no internal routing support, rebuild with pcre support !!!
uWSGI running as root, you can use --uid/--gid/--chroot options
*** WARNING: you are running uWSGI as root !!! (use the --uid flag) *** 
chdir() to /var/www/wxprj
*** WARNING: you are running uWSGI without its master process manager ***
your processes number limit is 7856
your memory page size is 4096 bytes
detected max file descriptor number: 65535
lock engine: pthread robust mutexes
thunder lock: disabled (you can enable it with --thunder-lock)
uwsgi socket 0 bound to TCP address :8010 fd 3
uWSGI running as root, you can use --uid/--gid/--chroot options
*** WARNING: you are running uWSGI as root !!! (use the --uid flag) *** 
Python version: 3.5.2 (default, Nov 12 2018, 13:43:14)  [GCC 5.4.0 20160609]
Python version: 3.5.2 (default, Nov 12 2018, 13:43:14)  [GCC 5.4.0 20160609]
*** Python threads support is disabled. You can enable it with --enable-threads ***
Python main interpreter initialized at 0x2597650
uWSGI running as root, you can use --uid/--gid/--chroot options
*** WARNING: you are running uWSGI as root !!! (use the --uid flag) *** 
your server socket listen backlog is limited to 100 connections
your mercy for graceful operations on workers is 60 seconds
mapped 291616 bytes (284 KB) for 4 cores
*** Operational MODE: preforking ***
*** Python threads support is disabled. You can enable it with --enable-threads ***
Python main interpreter initialized at 0xfd5650
uWSGI running as root, you can use --uid/--gid/--chroot options
*** WARNING: you are running uWSGI as root !!! (use the --uid flag) *** 
your server socket listen backlog is limited to 100 connections
your mercy for graceful operations on workers is 60 seconds
mapped 291616 bytes (284 KB) for 4 cores
*** Operational MODE: preforking ***
Traceback (most recent call last):
  File "./wxprj/wsgi.py", line 16, in <module>
    application = get_wsgi_application()
  File "/home/envs/st3/lib/python3.5/site-packages/django/core/wsgi.py", line 12, in get_wsgi_application
    django.setup(set_prefix=False)
  File "/home/envs/st3/lib/python3.5/site-packages/django/__init__.py", line 24, in setup
    apps.populate(settings.INSTALLED_APPS)
  File "/home/envs/st3/lib/python3.5/site-packages/django/apps/registry.py", line 89, in populate
    app_config = AppConfig.create(entry)
  File "/home/envs/st3/lib/python3.5/site-packages/django/apps/config.py", line 90, in create
    module = import_module(entry)
  File "/home/envs/st3/lib/python3.5/importlib/__init__.py", line 126, in import_module
    return _bootstrap._gcd_import(name[level:], package, level)
ImportError: No module named 'xadmin'
unable to load app 0 (mountpoint='') (callable not found or import error)
*** no app loaded. going in full dynamic mode ***
uWSGI running as root, you can use --uid/--gid/--chroot options
*** WARNING: you are running uWSGI as root !!! (use the --uid flag) *** 
*** uWSGI is running in multiple interpreter mode ***
spawned uWSGI worker 1 (pid: 1005, cores: 1)
spawned uWSGI worker 2 (pid: 1008, cores: 1)
spawned uWSGI worker 3 (pid: 1009, cores: 1)
spawned uWSGI worker 4 (pid: 1010, cores: 1)
WSGI app 0 (mountpoint='') ready in 2 seconds on interpreter 0x2597650 pid: 1002 (default app)
uWSGI running as root, you can use --uid/--gid/--chroot options
*** WARNING: you are running uWSGI as root !!! (use the --uid flag) *** 
*** uWSGI is running in multiple interpreter mode ***
spawned uWSGI worker 1 (pid: 1002, cores: 1)
spawned uWSGI worker 2 (pid: 1011, cores: 1)
spawned uWSGI worker 3 (pid: 1012, cores: 1)
spawned uWSGI worker 4 (pid: 1013, cores: 1)
--- no python application found, check your startup logs for errors ---
[pid: 1008|app: -1|req: -1/1] 140.207.54.79 () {36 vars in 638 bytes} [Tue Dec 18 14:20:37 2018] GET /wx?signature=65271104ff9f695d040bd927ee57fba4342454d6&echostr=7863759141148283895&timestamp=1545114037&nonce=410658707 => generated 21 bytes in 0 msecs (HTTP/1.0 500) 2 headers in 83 bytes (0 switches on core 0)
--- no python application found, check your startup logs for errors ---
[pid: 1008|app: -1|req: -1/2] 88.249.51.64 () {26 vars in 276 bytes} [Tue Dec 18 14:21:14 2018] GET / => generated 21 bytes in 0 msecs (HTTP/1.0 500) 2 headers in 83 bytes (0 switches on core 0)
--- no python application found, check your startup logs for errors ---
[pid: 1010|app: -1|req: -1/3] 125.69.47.96 () {42 vars in 981 bytes} [Tue Dec 18 14:21:35 2018] GET /xadmin => generated 21 bytes in 0 msecs (HTTP/1.1 500) 2 headers in 83 bytes (0 switches on core 0)
